<html>
<body>
<pre>
<h1>µVision Build Log</h1>
<h2>Tool Versions:</h2>
IDE-Version: ¦ÌVision V5.38.0.0
Copyright (C) 2022 ARM Ltd and ARM Germany GmbH. All rights reserved.
License Information: Hanzhe Ma, Zhejiang University, LIC=JLB1Q-NDY7I-94US2-9WYHR-1RV7M-QDX98
 
Tool Versions:
Toolchain:       PK51 Prof. Developers Kit  Version: 9.60.7.0
Toolchain Path:  D:\Keil_v5\C51\BIN
C Compiler:      C51.exe V9.60.7.0
Assembler:       A51.exe V8.2.7.0
Linker/Locator:  BL51.exe V6.22.4.0
Library Manager: LIB51.exe V4.30.1.0
Hex Converter:   OH51.exe V2.7.0.0
CPU DLL:         S8051.DLL V3.125.1.0
Dialog DLL:      DP51.DLL V2.69.0.0 
<h2>Project:</h2>
D:\my own\C51\homework1\homework01_1\homework01_1.uvproj
Project File Date:  04/17/2024

<h2>Output:</h2>
Rebuild target 'Target 1'
compiling homework01_1.c...
homework01_1.c(4): error C141: syntax error near 'sfr', expected 'hdata'
homework01_1.c(4): error C202: 'R6': undefined identifier
homework01_1.c(5): error C141: syntax error near 'unsigned', expected '__asm'
homework01_1.c(5): error C202: 'R6': undefined identifier
homework01_1.c(6): error C141: syntax error near 'unsigned', expected '__asm'
homework01_1.c(6): error C202: 'R7': undefined identifier
homework01_1.c(7): error C141: syntax error near 'unsigned', expected '__asm'
homework01_1.c(7): error C202: 'Table1': undefined identifier
homework01_1.c(7): error C141: syntax error near '{', expected 'sizeof'
homework01_1.c(7): error C141: syntax error near '}', expected ';'
homework01_1.c(8): error C141: syntax error near 'unsigned', expected '__asm'
homework01_1.c(8): error C141: syntax error near '{', expected 'sizeof'
homework01_1.c(8): error C141: syntax error near '}', expected ';'
homework01_1.c(9): error C141: syntax error near 'char', expected '__asm'
homework01_1.c(10): error C202: 'R7': undefined identifier
homework01_1.c(11): error C202: 'x': undefined identifier
homework01_1.c(13): error C202: 'R6': undefined identifier
homework01_1.c(14): error C202: 'R7': undefined identifier
homework01_1.c(19): error C202: 'Table2': undefined identifier
homework01_1.c(20): error C202: 'x': undefined identifier
homework01_1.c(21): error C202: 'x': undefined identifier
homework01_1.c(22): error C202: 'R6': undefined identifier
homework01_1.c(24): error C202: 'R7': undefined identifier
Target not created.
Build Time Elapsed:  00:00:00
</pre>
</body>
</html>
